<?xml version="1.0" encoding="UTF-8" ?>
<testsuite tests="1" failures="1" name="com.dao.test.JUnitTestProcessAnimal" time="0.112" errors="0" skipped="0">
  <properties>
    <property name="java.runtime.name" value="Java(TM) SE Runtime Environment"/>
    <property name="sun.boot.library.path" value="C:\Program Files (x86)\Java\jdk1.8.0_191\jre\bin"/>
    <property name="java.vm.version" value="25.191-b12"/>
    <property name="java.vm.vendor" value="Oracle Corporation"/>
    <property name="java.vendor.url" value="http://java.oracle.com/"/>
    <property name="path.separator" value=";"/>
    <property name="guice.disable.misplaced.annotation.check" value="true"/>
    <property name="java.vm.name" value="Java HotSpot(TM) Client VM"/>
    <property name="file.encoding.pkg" value="sun.io"/>
    <property name="user.script" value=""/>
    <property name="user.country" value="FR"/>
    <property name="sun.java.launcher" value="SUN_STANDARD"/>
    <property name="sun.os.patch.level" value=""/>
    <property name="test" value="com.dao.test.JUnitTestProcessAnimal"/>
    <property name="java.vm.specification.name" value="Java Virtual Machine Specification"/>
    <property name="user.dir" value="F:\IntelliJ IDEA 2018.3.3\maven-quest-intro-poo-bases-java"/>
    <property name="java.runtime.version" value="1.8.0_191-b12"/>
    <property name="java.awt.graphicsenv" value="sun.awt.Win32GraphicsEnvironment"/>
    <property name="java.endorsed.dirs" value="C:\Program Files (x86)\Java\jdk1.8.0_191\jre\lib\endorsed"/>
    <property name="os.arch" value="x86"/>
    <property name="java.io.tmpdir" value="C:\Users\Tajy\AppData\Local\Temp\"/>
    <property name="line.separator" value="
"/>
    <property name="java.vm.specification.vendor" value="Oracle Corporation"/>
    <property name="user.variant" value=""/>
    <property name="os.name" value="Windows 10"/>
    <property name="maven.ext.class.path" value="C:\Program Files (x86)\NetBeans 8.0.2\java\maven-nblib\netbeans-eventspy.jar"/>
    <property name="classworlds.conf" value="C:\Program Files (x86)\NetBeans 8.0.2\java\maven\bin\m2.conf"/>
    <property name="sun.jnu.encoding" value="Cp1252"/>
    <property name="java.library.path" value="C:\Program Files (x86)\Java\jdk1.8.0_191\bin;C:\Windows\Sun\Java\bin;C:\Windows\system32;C:\Windows;C:\Program Files (x86)\Common Files\Oracle\Java\javapath;C:\Program Files\Microsoft MPI\Bin\;C:\Windows\system32;C:\Windows;C:\Windows\System32\Wbem;C:\Windows\System32\WindowsPowerShell\v1.0\;C:\Windows\System32\OpenSSH\;C:\Program Files (x86)\NVIDIA Corporation\PhysX\Common;C:\Program Files\dotnet\;C:\Program Files (x86)\Microsoft SQL Server\140\Tools\Binn\;C:\Program Files\Microsoft SQL Server\140\Tools\Binn\;C:\Program Files (x86)\Microsoft SQL Server\140\DTS\Binn\;C:\Program Files\Microsoft SQL Server\140\DTS\Binn\;C:\Program Files\Microsoft SQL Server\Client SDK\ODBC\130\Tools\Binn\;C:\Program Files (x86)\Microsoft SQL Server\Client SDK\ODBC\130\Tools\Binn\;C:\Program Files (x86)\Microsoft SQL Server\140\Tools\Binn\ManagementStudio\;C:\sqlite3;;C:\Program Files\NVIDIA Corporation\NVIDIA NvDLISR;C:\Program Files\Microsoft SQL Server\130\Tools\Binn\;C:\Users\Tajy\AppData\Local\Microsoft\WindowsApps;C:\Users\Tajy\.dotnet\tools;C:\Users\Tajy\AppData\Local\atom\bin;."/>
    <property name="java.specification.name" value="Java Platform API Specification"/>
    <property name="java.class.version" value="52.0"/>
    <property name="sun.management.compiler" value="HotSpot Client Compiler"/>
    <property name="os.version" value="10.0"/>
    <property name="user.home" value="C:\Users\Tajy"/>
    <property name="user.timezone" value="Europe/Paris"/>
    <property name="java.awt.printerjob" value="sun.awt.windows.WPrinterJob"/>
    <property name="java.specification.version" value="1.8"/>
    <property name="file.encoding" value="UTF-8"/>
    <property name="user.name" value="Tajy"/>
    <property name="java.class.path" value="C:\Program Files (x86)\NetBeans 8.0.2\java\maven\boot\plexus-classworlds-2.4.jar"/>
    <property name="java.vm.specification.version" value="1.8"/>
    <property name="sun.arch.data.model" value="32"/>
    <property name="java.home" value="C:\Program Files (x86)\Java\jdk1.8.0_191\jre"/>
    <property name="sun.java.command" value="org.codehaus.plexus.classworlds.launcher.Launcher -Dtest=com.dao.test.JUnitTestProcessAnimal -Dmaven.ext.class.path=C:\Program Files (x86)\NetBeans 8.0.2\java\maven-nblib\netbeans-eventspy.jar -Dfile.encoding=UTF-8 surefire:test"/>
    <property name="java.specification.vendor" value="Oracle Corporation"/>
    <property name="user.language" value="fr"/>
    <property name="awt.toolkit" value="sun.awt.windows.WToolkit"/>
    <property name="java.vm.info" value="mixed mode"/>
    <property name="java.version" value="1.8.0_191"/>
    <property name="java.ext.dirs" value="C:\Program Files (x86)\Java\jdk1.8.0_191\jre\lib\ext;C:\Windows\Sun\Java\lib\ext"/>
    <property name="sun.boot.class.path" value="C:\Program Files (x86)\Java\jdk1.8.0_191\jre\lib\resources.jar;C:\Program Files (x86)\Java\jdk1.8.0_191\jre\lib\rt.jar;C:\Program Files (x86)\Java\jdk1.8.0_191\jre\lib\sunrsasign.jar;C:\Program Files (x86)\Java\jdk1.8.0_191\jre\lib\jsse.jar;C:\Program Files (x86)\Java\jdk1.8.0_191\jre\lib\jce.jar;C:\Program Files (x86)\Java\jdk1.8.0_191\jre\lib\charsets.jar;C:\Program Files (x86)\Java\jdk1.8.0_191\jre\lib\jfr.jar;C:\Program Files (x86)\Java\jdk1.8.0_191\jre\classes"/>
    <property name="java.vendor" value="Oracle Corporation"/>
    <property name="maven.home" value="C:\Program Files (x86)\NetBeans 8.0.2\java\maven"/>
    <property name="file.separator" value="\"/>
    <property name="java.vendor.url.bug" value="http://bugreport.sun.com/bugreport/"/>
    <property name="sun.cpu.endian" value="little"/>
    <property name="sun.io.unicode.encoding" value="UnicodeLittle"/>
    <property name="sun.desktop" value="windows"/>
    <property name="sun.cpu.isalist" value="pentium_pro+mmx pentium_pro pentium+mmx pentium i486 i386 i86"/>
  </properties>
  <testcase classname="com.dao.test.JUnitTestProcessAnimal" name="testJUnitCalculMoyenneEcartTypePoidsAnimaux" time="0.016">
    <failure type="java.lang.AssertionError">java.lang.AssertionError
	at org.junit.Assert.fail(Assert.java:92)
	at org.junit.Assert.assertTrue(Assert.java:43)
	at org.junit.Assert.assertTrue(Assert.java:54)
	at com.dao.test.JUnitTestProcessAnimal.testJUnitCalculMoyenneEcartTypePoidsAnimaux(JUnitTestProcessAnimal.java:53)
	at sun.reflect.NativeMethodAccessorImpl.invoke0(Native Method)
	at sun.reflect.NativeMethodAccessorImpl.invoke(NativeMethodAccessorImpl.java:62)
	at sun.reflect.DelegatingMethodAccessorImpl.invoke(DelegatingMethodAccessorImpl.java:43)
	at java.lang.reflect.Method.invoke(Method.java:498)
	at org.junit.runners.model.FrameworkMethod$1.runReflectiveCall(FrameworkMethod.java:45)
	at org.junit.internal.runners.model.ReflectiveCallable.run(ReflectiveCallable.java:15)
	at org.junit.runners.model.FrameworkMethod.invokeExplosively(FrameworkMethod.java:42)
	at org.junit.internal.runners.statements.InvokeMethod.evaluate(InvokeMethod.java:20)
	at org.junit.runners.ParentRunner.runLeaf(ParentRunner.java:263)
	at org.junit.runners.BlockJUnit4ClassRunner.runChild(BlockJUnit4ClassRunner.java:68)
	at org.junit.runners.BlockJUnit4ClassRunner.runChild(BlockJUnit4ClassRunner.java:47)
	at org.junit.runners.ParentRunner$3.run(ParentRunner.java:231)
	at org.junit.runners.ParentRunner$1.schedule(ParentRunner.java:60)
	at org.junit.runners.ParentRunner.runChildren(ParentRunner.java:229)
	at org.junit.runners.ParentRunner.access$000(ParentRunner.java:50)
	at org.junit.runners.ParentRunner$2.evaluate(ParentRunner.java:222)
	at org.junit.internal.runners.statements.RunBefores.evaluate(RunBefores.java:28)
	at org.junit.internal.runners.statements.RunAfters.evaluate(RunAfters.java:30)
	at org.junit.runners.ParentRunner.run(ParentRunner.java:300)
	at org.apache.maven.surefire.junit4.JUnit4TestSet.execute(JUnit4TestSet.java:53)
	at org.apache.maven.surefire.junit4.JUnit4Provider.executeTestSet(JUnit4Provider.java:123)
	at org.apache.maven.surefire.junit4.JUnit4Provider.invoke(JUnit4Provider.java:104)
	at sun.reflect.NativeMethodAccessorImpl.invoke0(Native Method)
	at sun.reflect.NativeMethodAccessorImpl.invoke(NativeMethodAccessorImpl.java:62)
	at sun.reflect.DelegatingMethodAccessorImpl.invoke(DelegatingMethodAccessorImpl.java:43)
	at java.lang.reflect.Method.invoke(Method.java:498)
	at org.apache.maven.surefire.util.ReflectionUtils.invokeMethodWithArray(ReflectionUtils.java:164)
	at org.apache.maven.surefire.booter.ProviderFactory$ProviderProxy.invoke(ProviderFactory.java:110)
	at org.apache.maven.surefire.booter.SurefireStarter.invokeProvider(SurefireStarter.java:175)
	at org.apache.maven.surefire.booter.SurefireStarter.runSuitesInProcessWhenForked(SurefireStarter.java:107)
	at org.apache.maven.surefire.booter.ForkedBooter.main(ForkedBooter.java:68)
</failure>
    <system-out>[12/01/2019 17:12:00 DEBUG JUnitTestProcessAnimal.init] Entree de la methode
[12/01/2019 17:12:00 DEBUG JUnitTestProcessAnimal.testJUnitLoadAnimalsManually] Entree de la methode
[12/01/2019 17:12:00 DEBUG JUnitTestProcessAnimal.testJUnitLoadAnimalsManually] Sortie de la methode
[12/01/2019 17:12:00 DEBUG JUnitTestProcessAnimal.testJUnitLoadAnimalsFile] Entree de la methode
11
Giraffe
175
23/12/2013
Maron et Noir
 4
 false


2
Elephant
 700
 23/12/1978
 Noir
 4
 true


3
Tigre
 150
 23/12/1998
Blanc
 4
 true


1
Lion
 200
 23/12/1988
 Maron
 4
 true


4
Requin
 10
23/12/1978
Blanc
0
true


10
Singe
25
23/12/2004
Noir
4
false


5
Chat
 5
23/12/2000
Noir
4
true


6
Mouton
25
23/12/2001
Blanc
4
false


7
Chevre
35
23/12/2012
Noir
4
false


8
Poule
1
23/12/2009
Maron
2
false


9
Porc
20
23/12/2003
Blanche
 4
 true


[12/01/2019 17:12:00 DEBUG JUnitTestProcessAnimal.testJUnitLoadAnimalsFile] Sortie de la methode
[12/01/2019 17:12:00 DEBUG JUnitTestProcessAnimal.init] Sortie de la methode
[12/01/2019 17:12:00 DEBUG JUnitTestProcessAnimal.testJUnitCalculMoyenneEcartTypePoidsAnimaux] Entree de la methode
11
Giraffe
175
23/12/2013
Maron et Noir
 4
 false


2
Elephant
 700
 23/12/1978
 Noir
 4
 true


3
Tigre
 150
 23/12/1998
Blanc
 4
 true


1
Lion
 200
 23/12/1988
 Maron
 4
 true


4
Requin
 10
23/12/1978
Blanc
0
true


10
Singe
25
23/12/2004
Noir
4
false


5
Chat
 5
23/12/2000
Noir
4
true


6
Mouton
25
23/12/2001
Blanc
4
false


7
Chevre
35
23/12/2012
Noir
4
false


8
Poule
1
23/12/2009
Maron
2
false


9
Porc
20
23/12/2003
Blanche
 4
 true


[12/01/2019 17:12:00 DEBUG JUnitTestProcessAnimal.testJUnitCalculMoyenneEcartTypePoidsAnimaux] calculMoyennePoidsAnimaux : 122.36363636363636
11
Giraffe
175
23/12/2013
Maron et Noir
 4
 false


2
Elephant
 700
 23/12/1978
 Noir
 4
 true


3
Tigre
 150
 23/12/1998
Blanc
 4
 true


1
Lion
 200
 23/12/1988
 Maron
 4
 true


4
Requin
 10
23/12/1978
Blanc
0
true


10
Singe
25
23/12/2004
Noir
4
false


5
Chat
 5
23/12/2000
Noir
4
true


6
Mouton
25
23/12/2001
Blanc
4
false


7
Chevre
35
23/12/2012
Noir
4
false


8
Poule
1
23/12/2009
Maron
2
false


9
Porc
20
23/12/2003
Blanche
 4
 true


11
Giraffe
175
23/12/2013
Maron et Noir
 4
 false


2
Elephant
 700
 23/12/1978
 Noir
 4
 true


3
Tigre
 150
 23/12/1998
Blanc
 4
 true


1
Lion
 200
 23/12/1988
 Maron
 4
 true


4
Requin
 10
23/12/1978
Blanc
0
true


10
Singe
25
23/12/2004
Noir
4
false


5
Chat
 5
23/12/2000
Noir
4
true


6
Mouton
25
23/12/2001
Blanc
4
false


7
Chevre
35
23/12/2012
Noir
4
false


8
Poule
1
23/12/2009
Maron
2
false


9
Porc
20
23/12/2003
Blanche
 4
 true


[12/01/2019 17:12:00 DEBUG JUnitTestProcessAnimal.testJUnitCalculMoyenneEcartTypePoidsAnimaux] calculEcartTypePoidsAnimaux : 226.01274982929493
11
Giraffe
175
23/12/2013
Maron et Noir
 4
 false


2
Elephant
 700
 23/12/1978
 Noir
 4
 true


3
Tigre
 150
 23/12/1998
Blanc
 4
 true


1
Lion
 200
 23/12/1988
 Maron
 4
 true


4
Requin
 10
23/12/1978
Blanc
0
true


10
Singe
25
23/12/2004
Noir
4
false


5
Chat
 5
23/12/2000
Noir
4
true


6
Mouton
25
23/12/2001
Blanc
4
false


7
Chevre
35
23/12/2012
Noir
4
false


8
Poule
1
23/12/2009
Maron
2
false


9
Porc
20
23/12/2003
Blanche
 4
 true


[12/01/2019 17:12:00 DEBUG JUnitTestProcessAnimal.testJUnitCalculMoyenneEcartTypePoidsAnimaux] difference moyenne : 3.6363636354508344E-5
11
Giraffe
175
23/12/2013
Maron et Noir
 4
 false


2
Elephant
 700
 23/12/1978
 Noir
 4
 true


3
Tigre
 150
 23/12/1998
Blanc
 4
 true


1
Lion
 200
 23/12/1988
 Maron
 4
 true


4
Requin
 10
23/12/1978
Blanc
0
true


10
Singe
25
23/12/2004
Noir
4
false


5
Chat
 5
23/12/2000
Noir
4
true


6
Mouton
25
23/12/2001
Blanc
4
false


7
Chevre
35
23/12/2012
Noir
4
false


8
Poule
1
23/12/2009
Maron
2
false


9
Porc
20
23/12/2003
Blanche
 4
 true


11
Giraffe
175
23/12/2013
Maron et Noir
 4
 false


2
Elephant
 700
 23/12/1978
 Noir
 4
 true


3
Tigre
 150
 23/12/1998
Blanc
 4
 true


1
Lion
 200
 23/12/1988
 Maron
 4
 true


4
Requin
 10
23/12/1978
Blanc
0
true


10
Singe
25
23/12/2004
Noir
4
false


5
Chat
 5
23/12/2000
Noir
4
true


6
Mouton
25
23/12/2001
Blanc
4
false


7
Chevre
35
23/12/2012
Noir
4
false


8
Poule
1
23/12/2009
Maron
2
false


9
Porc
20
23/12/2003
Blanche
 4
 true


[12/01/2019 17:12:00 DEBUG JUnitTestProcessAnimal.testJUnitCalculMoyenneEcartTypePoidsAnimaux] difference ecartType : 15.682868725968035
11
Giraffe
175
23/12/2013
Maron et Noir
 4
 false


2
Elephant
 700
 23/12/1978
 Noir
 4
 true


3
Tigre
 150
 23/12/1998
Blanc
 4
 true


1
Lion
 200
 23/12/1988
 Maron
 4
 true


4
Requin
 10
23/12/1978
Blanc
0
true


10
Singe
25
23/12/2004
Noir
4
false


5
Chat
 5
23/12/2000
Noir
4
true


6
Mouton
25
23/12/2001
Blanc
4
false


7
Chevre
35
23/12/2012
Noir
4
false


8
Poule
1
23/12/2009
Maron
2
false


9
Porc
20
23/12/2003
Blanche
 4
 true


11
Giraffe
175
23/12/2013
Maron et Noir
 4
 false


2
Elephant
 700
 23/12/1978
 Noir
 4
 true


3
Tigre
 150
 23/12/1998
Blanc
 4
 true


1
Lion
 200
 23/12/1988
 Maron
 4
 true


4
Requin
 10
23/12/1978
Blanc
0
true


10
Singe
25
23/12/2004
Noir
4
false


5
Chat
 5
23/12/2000
Noir
4
true


6
Mouton
25
23/12/2001
Blanc
4
false


7
Chevre
35
23/12/2012
Noir
4
false


8
Poule
1
23/12/2009
Maron
2
false


9
Porc
20
23/12/2003
Blanche
 4
 true


11
Giraffe
175
23/12/2013
Maron et Noir
 4
 false


2
Elephant
 700
 23/12/1978
 Noir
 4
 true


3
Tigre
 150
 23/12/1998
Blanc
 4
 true


1
Lion
 200
 23/12/1988
 Maron
 4
 true


4
Requin
 10
23/12/1978
Blanc
0
true


10
Singe
25
23/12/2004
Noir
4
false


5
Chat
 5
23/12/2000
Noir
4
true


6
Mouton
25
23/12/2001
Blanc
4
false


7
Chevre
35
23/12/2012
Noir
4
false


8
Poule
1
23/12/2009
Maron
2
false


9
Porc
20
23/12/2003
Blanche
 4
 true


</system-out>
  </testcase>
</testsuite>